1634281631073:help
1634281696118:book-all
1634281713446:lanf
1634281715994:lanfg
1634281718223:lang
1634281733250:language
1634281741642:--lang ru
1634281745625:--lang en
1634281756629:stacktrace
1634281769834:lang
1634281779700:lang ru
1634281786958:book-all
1634282583612:exit
1634282661635:help
1634282695357:book-update
1634282822504:help
1634282848956:set-title
1634282870799:help
1634282881723:perform
1634282893321:book-all
1634282923301:exit
1634374271382:help
1634374308547:lang ru
1634374318233:help
1634374328788:exit
1635338426321:lang
1635338433341:lang ru
1635338449667:lang
1635338455388:lang ru
1635338533665:book-find
1635340584355:book
1635340586185:help
1635340590616:book-all
1635340595706:book-find
